npm warn Unknown env config "devdir". This will stop working in the next major version of npm.
Backfilling DV discharge from 2026-01-16 to 2026-02-15
Rivers: 17
✅ madison-west-yellowstone backfilled 30 days
✅ gallatin-gateway backfilled 30 days
✅ jefferson-three-forks backfilled 9 days
✅ missouri-toston backfilled 17 days
✅ big-hole-melrose backfilled 18 days
✅ yellowstone-livingston backfilled 14 days
✅ yellowstone-corwin-springs backfilled 25 days
✅ bighorn-st-xavier backfilled 30 days
✅ blackfoot-bonner backfilled 17 days
✅ rock-creek-clinton backfilled 23 days
✅ bitterroot-missoula backfilled 30 days
✅ clark-fork-st-regis backfilled 30 days
✅ flathead-columbia-falls backfilled 30 days
✅ nf-flathead-columbia-falls backfilled 14 days
✅ kootenai-libby backfilled 0 days
✅ kootenai-below-libby-dam backfilled 29 days
✅ marias-chester backfilled 25 days
Backfill done.
